*** Now run 'gdb' in another window.

xv6 kernel is booting

hart 2 starting
hart 1 starting
page table 0x0000000087f6f000
├── 0: pte 0x0000000021fdac01 pa 0x0000000087f6b000
│   └── 0: pte 0x0000000021fda801 pa 0x0000000087f6a000
│       ├── 0: pte 0x0000000021fdb01f pa 0x0000000087f6c000
│       ├── 1: pte 0x0000000021fda40f pa 0x0000000087f69000
│       └── 2: pte 0x0000000021fda01f pa 0x0000000087f68000
└── 255: pte 0x0000000021fdb801 pa 0x0000000087f6e000
    └── 511: pte 0x0000000021fdb401 pa 0x0000000087f6d000
        ├── 510: pte 0x0000000021fddc07 pa 0x0000000087f77000
        └── 511: pte 0x0000000020001c0b pa 0x0000000080007000
init: starting sh
$ mp2_2
# Before sbrk(PGSIZE * 2)
page table 0x0000000087f49000
├── 0: pte 0x0000000021fd1401 pa 0x0000000087f45000
│   └── 0: pte 0x0000000021fd1001 pa 0x0000000087f44000
│       ├── 0: pte 0x0000000021fd185f pa 0x0000000087f46000
│       ├── 1: pte 0x0000000021fd0c0f pa 0x0000000087f43000
│       └── 2: pte 0x0000000021fd08df pa 0x0000000087f42000
└── 255: pte 0x0000000021fd2001 pa 0x0000000087f48000
    └── 511: pte 0x0000000021fd1c01 pa 0x0000000087f47000
        ├── 510: pte 0x0000000021fd94c7 pa 0x0000000087f65000
        └── 511: pte 0x0000000020001c4b pa 0x0000000080007000

# After sbrk(PGSIZE * 2)
page table 0x0000000087f49000
├── 0: pte 0x0000000021fd1401 pa 0x0000000087f45000
│   └── 0: pte 0x0000000021fd1001 pa 0x0000000087f44000
│       ├── 0: pte 0x0000000021fd185f pa 0x0000000087f46000
│       ├── 1: pte 0x0000000021fd0c0f pa 0x0000000087f43000
│       ├── 2: pte 0x0000000021fd08df pa 0x0000000087f42000
│       ├── 3: pte 0x0000000021fd281f pa 0x0000000087f4a000
│       └── 4: pte 0x0000000021fdd81f pa 0x0000000087f76000
└── 255: pte 0x0000000021fd2001 pa 0x0000000087f48000
    └── 511: pte 0x0000000021fd1c01 pa 0x0000000087f47000
        ├── 510: pte 0x0000000021fd94c7 pa 0x0000000087f65000
        └── 511: pte 0x0000000020001c4b pa 0x0000000080007000

# After sbrk(-PGSIZE * 2)
page table 0x0000000087f49000
├── 0: pte 0x0000000021fd1401 pa 0x0000000087f45000
│   └── 0: pte 0x0000000021fd1001 pa 0x0000000087f44000
│       ├── 0: pte 0x0000000021fd185f pa 0x0000000087f46000
│       ├── 1: pte 0x0000000021fd0c0f pa 0x0000000087f43000
│       └── 2: pte 0x0000000021fd08df pa 0x0000000087f42000
└── 255: pte 0x0000000021fd2001 pa 0x0000000087f48000
    └── 511: pte 0x0000000021fd1c01 pa 0x0000000087f47000
        ├── 510: pte 0x0000000021fd94c7 pa 0x0000000087f65000
        └── 511: pte 0x0000000020001c4b pa 0x0000000080007000

# After sbrk(PGSIZE * 2) again
page table 0x0000000087f49000
├── 0: pte 0x0000000021fd1401 pa 0x0000000087f45000
│   └── 0: pte 0x0000000021fd1001 pa 0x0000000087f44000
│       ├── 0: pte 0x0000000021fd185f pa 0x0000000087f46000
│       ├── 1: pte 0x0000000021fd0c0f pa 0x0000000087f43000
│       ├── 2: pte 0x0000000021fd08df pa 0x0000000087f42000
│       ├── 3: pte 0x0000000021fdd81f pa 0x0000000087f76000
│       └── 4: pte 0x0000000021fd281f pa 0x0000000087f4a000
└── 255: pte 0x0000000021fd2001 pa 0x0000000087f48000
    └── 511: pte 0x0000000021fd1c01 pa 0x0000000087f47000
        ├── 510: pte 0x0000000021fd94c7 pa 0x0000000087f65000
        └── 511: pte 0x0000000020001c4b pa 0x0000000080007000

# After page fault at 0x0000000000004000
page table 0x0000000087f49000
├── 0: pte 0x0000000021fd1401 pa 0x0000000087f45000
│   └── 0: pte 0x0000000021fd1001 pa 0x0000000087f44000
│       ├── 0: pte 0x0000000021fd185f pa 0x0000000087f46000
│       ├── 1: pte 0x0000000021fd0c0f pa 0x0000000087f43000
│       ├── 2: pte 0x0000000021fd08df pa 0x0000000087f42000
│       ├── 3: pte 0x0000000021fdd81f pa 0x0000000087f76000
│       └── 4: pte 0x0000000021fd28df pa 0x0000000087f4a000
└── 255: pte 0x0000000021fd2001 pa 0x0000000087f48000
    └── 511: pte 0x0000000021fd1c01 pa 0x0000000087f47000
        ├── 510: pte 0x0000000021fd94c7 pa 0x0000000087f65000
        └── 511: pte 0x0000000020001c4b pa 0x0000000080007000

# After sbrk(-PGSIZE * 2) again
page table 0x0000000087f49000
├── 0: pte 0x0000000021fd1401 pa 0x0000000087f45000
│   └── 0: pte 0x0000000021fd1001 pa 0x0000000087f44000
│       ├── 0: pte 0x0000000021fd185f pa 0x0000000087f46000
│       ├── 1: pte 0x0000000021fd0c0f pa 0x0000000087f43000
│       └── 2: pte 0x0000000021fd08df pa 0x0000000087f42000
└── 255: pte 0x0000000021fd2001 pa 0x0000000087f48000
    └── 511: pte 0x0000000021fd1c01 pa 0x0000000087f47000
        ├── 510: pte 0x0000000021fd94c7 pa 0x0000000087f65000
        └── 511: pte 0x0000000020001c4b pa 0x0000000080007000
$ qemu-system-riscv64: terminating on signal 15 from pid 900 (make)
